<?xml version="1.0" encoding="UTF-8"?>
<!-- Generated by org.testng.reporters.JUnitXMLReporter -->
<testsuite ignored="0" hostname="DESKTOP-9J3350E" failures="0" tests="3" name="ClassB" time="0.015" errors="0" timestamp="2025-12-26T14:31:36 IST">
  <testcase classname="com.TestNG.Practice.ClassA.PracticeClassB" name="method1" time="0.002"/>
  <testcase classname="com.TestNG.Practice.ClassA.PracticeClassB" name="method2" time="0.003"/>
  <testcase classname="com.TestNG.Practice.ClassA.PracticeClassB" name="method3" time="0.002"/>
</testsuite> <!-- ClassB -->
