<?xml version="1.0" encoding="UTF-8"?>
<!-- Generated by org.testng.reporters.JUnitXMLReporter -->
<testsuite ignored="1" hostname="DESKTOP-9J3350E" failures="0" tests="2" name="ClassA" time="0.072" errors="0" timestamp="2025-12-26T14:31:36 IST">
  <testcase classname="com.TestNG.Practice.ClassA.PracticeClassA" name="method3" time="0.01"/>
  <testcase classname="com.TestNG.Practice.ClassA.PracticeClassA" name="method2" time="0.001"/>
  <testcase classname="com.TestNG.Practice.ClassA.PracticeClassA" name="method1" time="0.0">
    <ignored/>
  </testcase> <!-- method1 -->
</testsuite> <!-- ClassA -->
