<?xml version="1.0" encoding="UTF-8"?>
<testng-results ignored="0" total="2" passed="2" failed="0" skipped="0">
  <reporter-output>
  </reporter-output>
  <suite started-at="2025-03-22T21:14:45 IST" name="Default suite" finished-at="2025-03-22T21:14:45 IST" duration-ms="50">
    <groups>
    </groups>
    <test started-at="2025-03-22T21:14:45 IST" name="Default test" finished-at="2025-03-22T21:14:45 IST" duration-ms="50">
      <class name="com.practie.TestNG.SampleTest">
        <test-method signature="TestFacebook()[pri:0, instance:com.practie.TestNG.SampleTest@49912c99]" started-at="2025-03-22T21:14:45 IST" name="TestFacebook" finished-at="2025-03-22T21:14:45 IST" duration-ms="8" status="PASS">
          <reporter-output>
          </reporter-output>
        </test-method> <!-- TestFacebook -->
        <test-method signature="TestGoogle()[pri:0, instance:com.practie.TestNG.SampleTest@49912c99]" started-at="2025-03-22T21:14:45 IST" name="TestGoogle" finished-at="2025-03-22T21:14:45 IST" duration-ms="2" status="PASS">
          <reporter-output>
          </reporter-output>
        </test-method> <!-- TestGoogle -->
      </class> <!-- com.practie.TestNG.SampleTest -->
    </test> <!-- Default test -->
  </suite> <!-- Default suite -->
</testng-results>
