<?xml version="1.0" encoding="UTF-8"?>
<!-- Generated by org.testng.reporters.JUnitReportReporter -->
<testsuite hostname="DESKTOP-9J3350E" failures="0" tests="2" name="com.TestNG.Practice.ClassA.PracticeClassA" time="0.011" errors="0" timestamp="2025-12-26T14:31:36 IST" skipped="0">
  <testcase classname="com.TestNG.Practice.ClassA.PracticeClassA" name="method3" time="0.010"/>
  <system-out/>
  <testcase classname="com.TestNG.Practice.ClassA.PracticeClassA" name="method2" time="0.001"/>
  <system-out/>
</testsuite> <!-- com.TestNG.Practice.ClassA.PracticeClassA -->
