<?xml version="1.0" encoding="UTF-8"?>
<!-- Generated by org.testng.reporters.JUnitReportReporter -->
<testsuite hostname="DESKTOP-9J3350E" failures="0" tests="2" name="com.TestNG.Practice.ClassA.PracticeClassC" time="0.005" errors="0" timestamp="2025-12-25T21:16:05 IST" skipped="0">
  <testcase classname="com.TestNG.Practice.ClassA.PracticeClassC" name="method2" time="0.002"/>
  <system-out/>
  <testcase classname="com.TestNG.Practice.ClassA.PracticeClassC" name="method1" time="0.003"/>
  <system-out/>
</testsuite> <!-- com.TestNG.Practice.ClassA.PracticeClassC -->
