<?xml version="1.0" encoding="UTF-8"?>
<!-- Generated by org.testng.reporters.JUnitReportReporter -->
<testsuite hostname="DESKTOP-9J3350E" failures="0" tests="3" name="com.TestNG.Practice.ClassB.PracticeClassB" time="0.020" errors="0" timestamp="2025-12-25T17:54:30 IST" skipped="0">
  <testcase classname="com.TestNG.Practice.ClassB.PracticeClassB" name="method2" time="0.003"/>
  <system-out/>
  <testcase classname="com.TestNG.Practice.ClassB.PracticeClassB" name="method3" time="0.005"/>
  <system-out/>
  <testcase classname="com.TestNG.Practice.ClassB.PracticeClassB" name="method1" time="0.012"/>
  <system-out/>
</testsuite> <!-- com.TestNG.Practice.ClassB.PracticeClassB -->
