<?xml version="1.0" encoding="UTF-8"?>
<!-- Generated by org.testng.reporters.JUnitReportReporter -->
<testsuite hostname="DESKTOP-9J3350E" failures="0" tests="2" name="com.practie.TestNG.SampleTest" time="0.010" errors="0" timestamp="2025-03-22T21:14:45 IST" skipped="0">
  <testcase classname="com.practie.TestNG.SampleTest" name="TestGoogle" time="0.002"/>
  <system-out/>
  <testcase classname="com.practie.TestNG.SampleTest" name="TestFacebook" time="0.008"/>
  <system-out/>
</testsuite> <!-- com.practie.TestNG.SampleTest -->
