<?xml version="1.0" encoding="UTF-8"?>
<!-- Generated by org.testng.reporters.JUnitReportReporter -->
<testsuite hostname="DESKTOP-9J3350E" failures="0" tests="3" name="com.TestNG.Practice.ClassA.PracticeClassB" time="0.007" errors="0" timestamp="2025-12-26T14:31:36 IST" skipped="0">
  <testcase classname="com.TestNG.Practice.ClassA.PracticeClassB" name="method3" time="0.002"/>
  <system-out/>
  <testcase classname="com.TestNG.Practice.ClassA.PracticeClassB" name="method2" time="0.003"/>
  <system-out/>
  <testcase classname="com.TestNG.Practice.ClassA.PracticeClassB" name="method1" time="0.002"/>
  <system-out/>
</testsuite> <!-- com.TestNG.Practice.ClassA.PracticeClassB -->
