<?xml version="1.0" encoding="UTF-8"?>
<!-- Generated by org.testng.reporters.JUnitReportReporter -->
<testsuite hostname="DESKTOP-9J3350E" failures="0" tests="3" name="com.TestNG.Practice.ClassC.PracticeClassC" time="0.014" errors="0" timestamp="2025-12-25T17:54:58 IST" skipped="0">
  <testcase classname="com.TestNG.Practice.ClassC.PracticeClassC" name="method1" time="0.010"/>
  <system-out/>
  <testcase classname="com.TestNG.Practice.ClassC.PracticeClassC" name="method3" time="0.002"/>
  <system-out/>
  <testcase classname="com.TestNG.Practice.ClassC.PracticeClassC" name="method2" time="0.002"/>
  <system-out/>
</testsuite> <!-- com.TestNG.Practice.ClassC.PracticeClassC -->
